[0m21:09:49.184483 [debug] [MainThread]: Sending event: {'category': 'dbt', 'action': 'invocation', 'label': 'start', 'context': [<snowplow_tracker.self_describing_json.SelfDescribingJson object at 0x7f96776f8820>, <snowplow_tracker.self_describing_json.SelfDescribingJson object at 0x7f9675e4a160>, <snowplow_tracker.self_describing_json.SelfDescribingJson object at 0x7f9675e4ad00>]}


============================== 21:09:49.191933 | 8c5363eb-a12e-492a-a0ca-db9369aadfad ==============================
[0m21:09:49.191933 [info ] [MainThread]: Running with dbt=1.6.0
[0m21:09:49.195534 [debug] [MainThread]: running dbt with arguments {'printer_width': '80', 'indirect_selection': 'eager', 'write_json': 'True', 'log_cache_events': 'False', 'partial_parse': 'True', 'cache_selected_only': 'False', 'profiles_dir': '/workspace', 'version_check': 'True', 'warn_error': 'None', 'log_path': '/workspace/repository/dbt/logs', 'fail_fast': 'False', 'debug': 'False', 'use_colors': 'True', 'use_experimental_parser': 'False', 'no_print': 'None', 'quiet': 'False', 'warn_error_options': 'WarnErrorOptions(include=[], exclude=[])', 'invocation_command': 'dbt compile -m stg_customers', 'static_parser': 'True', 'introspect': 'True', 'target_path': 'None', 'log_format': 'default', 'send_anonymous_usage_stats': 'True'}
[0m21:09:50.207675 [debug] [MainThread]: Sending event: {'category': 'dbt', 'action': 'project_id', 'label': '8c5363eb-a12e-492a-a0ca-db9369aadfad', 'context': [<snowplow_tracker.self_describing_json.SelfDescribingJson object at 0x7f9675eb5fd0>]}
[0m21:09:50.225643 [debug] [MainThread]: Sending event: {'category': 'dbt', 'action': 'adapter_info', 'label': '8c5363eb-a12e-492a-a0ca-db9369aadfad', 'context': [<snowplow_tracker.self_describing_json.SelfDescribingJson object at 0x7f966039a910>]}
[0m21:09:50.229361 [info ] [MainThread]: Registered adapter: snowflake=1.6.0
[0m21:09:50.231863 [error] [MainThread]: Encountered an error:
Compilation Error
  dbt found 1 package(s) specified in packages.yml, but only 0 package(s) installed in dbt_packages. Run "dbt deps" to install package dependencies.
[0m21:09:50.234085 [debug] [MainThread]: Command `dbt compile` failed at 21:09:50.233889 after 1.07 seconds
[0m21:09:50.235674 [debug] [MainThread]: Sending event: {'category': 'dbt', 'action': 'invocation', 'label': 'end', 'context': [<snowplow_tracker.self_describing_json.SelfDescribingJson object at 0x7f96776f8820>, <snowplow_tracker.self_describing_json.SelfDescribingJson object at 0x7f96603a2cd0>, <snowplow_tracker.self_describing_json.SelfDescribingJson object at 0x7f96603a2be0>]}
[0m21:09:50.237954 [debug] [MainThread]: Flushing usage events
[0m21:10:32.894863 [debug] [MainThread]: Sending event: {'category': 'dbt', 'action': 'invocation', 'label': 'start', 'context': [<snowplow_tracker.self_describing_json.SelfDescribingJson object at 0x7f0c71aceeb0>, <snowplow_tracker.self_describing_json.SelfDescribingJson object at 0x7f0c74fb0970>, <snowplow_tracker.self_describing_json.SelfDescribingJson object at 0x7f0c70220ee0>]}


============================== 21:10:32.901799 | 9e0302cf-a4e7-41cd-b0da-163895c2941e ==============================
[0m21:10:32.901799 [info ] [MainThread]: Running with dbt=1.6.0
[0m21:10:32.904539 [debug] [MainThread]: running dbt with arguments {'printer_width': '80', 'indirect_selection': 'eager', 'write_json': 'True', 'log_cache_events': 'False', 'partial_parse': 'True', 'cache_selected_only': 'False', 'profiles_dir': '/workspace', 'fail_fast': 'False', 'warn_error': 'None', 'log_path': '/workspace/repository/dbt/logs', 'version_check': 'True', 'debug': 'False', 'use_colors': 'True', 'use_experimental_parser': 'False', 'no_print': 'None', 'quiet': 'False', 'warn_error_options': 'WarnErrorOptions(include=[], exclude=[])', 'static_parser': 'True', 'log_format': 'default', 'invocation_command': 'dbt deps', 'target_path': 'None', 'introspect': 'True', 'send_anonymous_usage_stats': 'True'}
[0m21:10:32.988422 [debug] [MainThread]: Sending event: {'category': 'dbt', 'action': 'project_id', 'label': '9e0302cf-a4e7-41cd-b0da-163895c2941e', 'context': [<snowplow_tracker.self_describing_json.SelfDescribingJson object at 0x7f0c71316e80>]}
[0m21:10:33.005637 [debug] [MainThread]: Set downloads directory='/tmp/tmp9090/dbt-downloads-t9y_25a0'
[0m21:10:33.009881 [debug] [MainThread]: Making package index registry request: GET https://hub.getdbt.com/api/v1/index.json
[0m21:10:33.100529 [debug] [MainThread]: Response from registry index: GET https://hub.getdbt.com/api/v1/index.json 200
[0m21:10:33.105162 [debug] [MainThread]: Making package registry request: GET https://hub.getdbt.com/api/v1/dbt-labs/dbt_utils.json
[0m21:10:33.184952 [debug] [MainThread]: Response from registry: GET https://hub.getdbt.com/api/v1/dbt-labs/dbt_utils.json 200
[0m21:10:33.205983 [info ] [MainThread]: Installing dbt-labs/dbt_utils
[0m21:10:34.304044 [info ] [MainThread]: Installed from version 1.1.1
[0m21:10:34.311340 [info ] [MainThread]: Up to date!
[0m21:10:34.315800 [debug] [MainThread]: Sending event: {'category': 'dbt', 'action': 'package', 'label': '9e0302cf-a4e7-41cd-b0da-163895c2941e', 'property_': 'install', 'context': [<snowplow_tracker.self_describing_json.SelfDescribingJson object at 0x7f0c71283ca0>, <snowplow_tracker.self_describing_json.SelfDescribingJson object at 0x7f0c71283700>]}
[0m21:10:34.322282 [debug] [MainThread]: Command `dbt deps` succeeded at 21:10:34.321188 after 1.44 seconds
[0m21:10:34.325328 [debug] [MainThread]: Sending event: {'category': 'dbt', 'action': 'invocation', 'label': 'end', 'context': [<snowplow_tracker.self_describing_json.SelfDescribingJson object at 0x7f0c71aceeb0>, <snowplow_tracker.self_describing_json.SelfDescribingJson object at 0x7f0c71316e80>, <snowplow_tracker.self_describing_json.SelfDescribingJson object at 0x7f0c71283700>]}
[0m21:10:34.327931 [debug] [MainThread]: Flushing usage events
